<?xml version="1.0" encoding="utf-8"?><testsuites><testsuite name="pytest" errors="0" failures="0" skipped="0" tests="5" time="106.010" timestamp="2024-10-14T14:26:21.510676" hostname="L-IN-PG02VYEV"><testcase classname="test_Makemytrip.Test_MakeMyTrip" name="test_BanToPune" time="24.151" /><testcase classname="test_Makemytrip.Test_MakeMyTrip" name="test_modify_from_date_search_page" time="25.464" /><testcase classname="test_Makemytrip.Test_MakeMyTrip" name="test_fill_loginpopup" time="13.834" /><testcase classname="test_Makemytrip.Test_MakeMyTrip" name="test_scroll_down" time="20.296" /><testcase classname="test_Makemytrip.Test_MakeMyTrip" name="test_copyBusOfferCode" time="22.184" /></testsuite></testsuites>